# JRE version: OpenJDK Runtime Environment (17.0.16+8) (build 17.0.16+8-Debian-1deb12u1)
# Java VM: OpenJDK 64-Bit Server VM (17.0.16+8-Debian-1deb12u1, mixed mode, sharing, tiered, compressed oops, compressed class ptrs, serial gc, linux-amd64)
GC Precious Log:
 CPUs: 2 total, 2 available
 Memory: 1024M
 Large Page Support: Disabled
 NUMA Support: Disabled
 Compressed Oops: Enabled (32-bit)
 Heap Min Capacity: 8M
 Heap Initial Capacity: 16M
 Heap Max Capacity: 2G
 Pre-touch: Disabled
Heap:
 def new generation   total 18688K, used 0K [0x0000000080000000, 0x0000000081440000, 0x00000000aaaa0000)
  eden space 16640K,   0% used [0x0000000080000000, 0x0000000080000000, 0x0000000081040000)
  from space 2048K,   0% used [0x0000000081040000, 0x0000000081040000, 0x0000000081240000)
  to   space 2048K,   0% used [0x0000000081240000, 0x0000000081240000, 0x0000000081440000)
 tenured generation   total 41240K, used 35754K [0x00000000aaaa0000, 0x00000000ad2e6000, 0x0000000100000000)
   the space 41240K,  86% used [0x00000000aaaa0000, 0x00000000acd8ab78, 0x00000000acd8ac00, 0x00000000ad2e6000)
 Metaspace       used 50942K, committed 51456K, reserved 1114112K
  class space    used 7349K, committed 7616K, reserved 1048576K
GC Heap History (20 events):
Event: 19.357 GC heap after
{Heap after GC invocations=28 (full 3):
 def new generation   total 18688K, used 1774K [0x0000000080000000, 0x0000000081440000, 0x00000000aaaa0000)
  eden space 16640K,   0% used [0x0000000080000000, 0x0000000080000000, 0x0000000081040000)
  from space 2048K,  86% used [0x0000000081240000, 0x00000000813fb8e0, 0x0000000081440000)
  to   space 2048K,   0% used [0x0000000081040000, 0x0000000081040000, 0x0000000081240000)
 tenured generation   total 41240K, used 24743K [0x00000000aaaa0000, 0x00000000ad2e6000, 0x0000000100000000)
   the space 41240K,  59% used [0x00000000aaaa0000, 0x00000000ac2c9cf0, 0x00000000ac2c9e00, 0x00000000ad2e6000)
 Metaspace       used 32687K, committed 33088K, reserved 1114112K
  class space    used 4571K, committed 4736K, reserved 1048576K
}
Event: 20.877 GC heap before
{Heap before GC invocations=28 (full 3):
 def new generation   total 18688K, used 18414K [0x0000000080000000, 0x0000000081440000, 0x00000000aaaa0000)
  eden space 16640K, 100% used [0x0000000080000000, 0x0000000081040000, 0x0000000081040000)
  from space 2048K,  86% used [0x0000000081240000, 0x00000000813fb8e0, 0x0000000081440000)
  to   space 2048K,   0% used [0x0000000081040000, 0x0000000081040000, 0x0000000081240000)
 tenured generation   total 41240K, used 24743K [0x00000000aaaa0000, 0x00000000ad2e6000, 0x0000000100000000)
   the space 41240K,  59% used [0x00000000aaaa0000, 0x00000000ac2c9cf0, 0x00000000ac2c9e00, 0x00000000ad2e6000)
 Metaspace       used 34475K, committed 34944K, reserved 1114112K
  class space    used 4863K, committed 5056K, reserved 1048576K
}
Event: 20.903 GC heap after
{Heap after GC invocations=29 (full 3):
 def new generation   total 18688K, used 1357K [0x0000000080000000, 0x0000000081440000, 0x00000000aaaa0000)
  eden space 16640K,   0% used [0x0000000080000000, 0x0000000080000000, 0x0000000081040000)
  from space 2048K,  66% used [0x0000000081040000, 0x0000000081193638, 0x0000000081240000)
  to   space 2048K,   0% used [0x0000000081240000, 0x0000000081240000, 0x0000000081440000)
 tenured generation   total 41240K, used 26468K [0x00000000aaaa0000, 0x00000000ad2e6000, 0x0000000100000000)
   the space 41240K,  64% used [0x00000000aaaa0000, 0x00000000ac4792e0, 0x00000000ac479400, 0x00000000ad2e6000)
 Metaspace       used 34475K, committed 34944K, reserved 1114112K
  class space    used 4863K, committed 5056K, reserved 1048576K
}
Event: 22.900 GC heap before
{Heap before GC invocations=29 (full 3):
 def new generation   total 18688K, used 17997K [0x0000000080000000, 0x0000000081440000, 0x00000000aaaa0000)
  eden space 16640K, 100% used [0x0000000080000000, 0x0000000081040000, 0x0000000081040000)
  from space 2048K,  66% used [0x0000000081040000, 0x0000000081193638, 0x0000000081240000)
  to   space 2048K,   0% used [0x0000000081240000, 0x0000000081240000, 0x0000000081440000)
 tenured generation   total 41240K, used 26468K [0x00000000aaaa0000, 0x00000000ad2e6000, 0x0000000100000000)
   the space 41240K,  64% used [0x00000000aaaa0000, 0x00000000ac4792e0, 0x00000000ac479400, 0x00000000ad2e6000)
 Metaspace       used 36128K, committed 36544K, reserved 1114112K
  class space    used 5115K, committed 5312K, reserved 1048576K
}
Event: 22.938 GC heap after
{Heap after GC invocations=30 (full 3):
 def new generation   total 18688K, used 1285K [0x0000000080000000, 0x0000000081440000, 0x00000000aaaa0000)
  eden space 16640K,   0% used [0x0000000080000000, 0x0000000080000000, 0x0000000081040000)
  from space 2048K,  62% used [0x0000000081240000, 0x0000000081381538, 0x0000000081440000)
  to   space 2048K,   0% used [0x0000000081040000, 0x0000000081040000, 0x0000000081240000)
 tenured generation   total 41240K, used 27804K [0x00000000aaaa0000, 0x00000000ad2e6000, 0x0000000100000000)
   the space 41240K,  67% used [0x00000000aaaa0000, 0x00000000ac5c7320, 0x00000000ac5c7400, 0x00000000ad2e6000)
 Metaspace       used 36128K, committed 36544K, reserved 1114112K
  class space    used 5115K, committed 5312K, reserved 1048576K
}
Event: 24.283 GC heap before
{Heap before GC invocations=30 (full 3):
 def new generation   total 18688K, used 17925K [0x0000000080000000, 0x0000000081440000, 0x00000000aaaa0000)
  eden space 16640K, 100% used [0x0000000080000000, 0x0000000081040000, 0x0000000081040000)
  from space 2048K,  62% used [0x0000000081240000, 0x0000000081381538, 0x0000000081440000)
  to   space 2048K,   0% used [0x0000000081040000, 0x0000000081040000, 0x0000000081240000)
 tenured generation   total 41240K, used 27804K [0x00000000aaaa0000, 0x00000000ad2e6000, 0x0000000100000000)
   the space 41240K,  67% used [0x00000000aaaa0000, 0x00000000ac5c7320, 0x00000000ac5c7400, 0x00000000ad2e6000)
 Metaspace       used 37877K, committed 38336K, reserved 1114112K
  class space    used 5388K, committed 5568K, reserved 1048576K
}
Event: 24.322 GC heap after
{Heap after GC invocations=31 (full 3):
 def new generation   total 18688K, used 1343K [0x0000000080000000, 0x0000000081440000, 0x00000000aaaa0000)
  eden space 16640K,   0% used [0x0000000080000000, 0x0000000080000000, 0x0000000081040000)
  from space 2048K,  65% used [0x0000000081040000, 0x000000008118fd28, 0x0000000081240000)
  to   space 2048K,   0% used [0x0000000081240000, 0x0000000081240000, 0x0000000081440000)
 tenured generation   total 41240K, used 29077K [0x00000000aaaa0000, 0x00000000ad2e6000, 0x0000000100000000)
   the space 41240K,  70% used [0x00000000aaaa0000, 0x00000000ac705420, 0x00000000ac705600, 0x00000000ad2e6000)
 Metaspace       used 37877K, committed 38336K, reserved 1114112K
  class space    used 5388K, committed 5568K, reserved 1048576K
}
Event: 25.978 GC heap before
{Heap before GC invocations=31 (full 3):
 def new generation   total 18688K, used 17983K [0x0000000080000000, 0x0000000081440000, 0x00000000aaaa0000)
  eden space 16640K, 100% used [0x0000000080000000, 0x0000000081040000, 0x0000000081040000)
  from space 2048K,  65% used [0x0000000081040000, 0x000000008118fd28, 0x0000000081240000)
  to   space 2048K,   0% used [0x0000000081240000, 0x0000000081240000, 0x0000000081440000)
 tenured generation   total 41240K, used 29077K [0x00000000aaaa0000, 0x00000000ad2e6000, 0x0000000100000000)
   the space 41240K,  70% used [0x00000000aaaa0000, 0x00000000ac705420, 0x00000000ac705600, 0x00000000ad2e6000)
 Metaspace       used 39489K, committed 40064K, reserved 1114112K
  class space    used 5674K, committed 5952K, reserved 1048576K
}
Event: 26.018 GC heap after
{Heap after GC invocations=32 (full 3):
 def new generation   total 18688K, used 781K [0x0000000080000000, 0x0000000081440000, 0x00000000aaaa0000)
  eden space 16640K,   0% used [0x0000000080000000, 0x0000000080000000, 0x0000000081040000)
  from space 2048K,  38% used [0x0000000081240000, 0x0000000081303758, 0x0000000081440000)
  to   space 2048K,   0% used [0x0000000081040000, 0x0000000081040000, 0x0000000081240000)
 tenured generation   total 41240K, used 30383K [0x00000000aaaa0000, 0x00000000ad2e6000, 0x0000000100000000)
   the space 41240K,  73% used [0x00000000aaaa0000, 0x00000000ac84bdb8, 0x00000000ac84be00, 0x00000000ad2e6000)
 Metaspace       used 39489K, committed 40064K, reserved 1114112K
  class space    used 5674K, committed 5952K, reserved 1048576K
}
Event: 27.438 GC heap before
{Heap before GC invocations=32 (full 3):
 def new generation   total 18688K, used 17421K [0x0000000080000000, 0x0000000081440000, 0x00000000aaaa0000)
  eden space 16640K, 100% used [0x0000000080000000, 0x0000000081040000, 0x0000000081040000)
  from space 2048K,  38% used [0x0000000081240000, 0x0000000081303758, 0x0000000081440000)
  to   space 2048K,   0% used [0x0000000081040000, 0x0000000081040000, 0x0000000081240000)
 tenured generation   total 41240K, used 30383K [0x00000000aaaa0000, 0x00000000ad2e6000, 0x0000000100000000)
   the space 41240K,  73% used [0x00000000aaaa0000, 0x00000000ac84bdb8, 0x00000000ac84be00, 0x00000000ad2e6000)
 Metaspace       used 41096K, committed 41664K, reserved 1114112K
  class space    used 5962K, committed 6208K, reserved 1048576K
}
Event: 27.458 GC heap after
{Heap after GC invocations=33 (full 3):
 def new generation   total 18688K, used 1264K [0x0000000080000000, 0x0000000081440000, 0x00000000aaaa0000)
  eden space 16640K,   0% used [0x0000000080000000, 0x0000000080000000, 0x0000000081040000)
  from space 2048K,  61% used [0x0000000081040000, 0x000000008117c320, 0x0000000081240000)
  to   space 2048K,   0% used [0x0000000081240000, 0x0000000081240000, 0x0000000081440000)
 tenured generation   total 41240K, used 30383K [0x00000000aaaa0000, 0x00000000ad2e6000, 0x0000000100000000)
   the space 41240K,  73% used [0x00000000aaaa0000, 0x00000000ac84bdb8, 0x00000000ac84be00, 0x00000000ad2e6000)
 Metaspace       used 41096K, committed 41664K, reserved 1114112K
  class space    used 5962K, committed 6208K, reserved 1048576K
}
Event: 29.098 GC heap before
{Heap before GC invocations=33 (full 3):
 def new generation   total 18688K, used 17904K [0x0000000080000000, 0x0000000081440000, 0x00000000aaaa0000)
  eden space 16640K, 100% used [0x0000000080000000, 0x0000000081040000, 0x0000000081040000)
  from space 2048K,  61% used [0x0000000081040000, 0x000000008117c320, 0x0000000081240000)
  to   space 2048K,   0% used [0x0000000081240000, 0x0000000081240000, 0x0000000081440000)
 tenured generation   total 41240K, used 30383K [0x00000000aaaa0000, 0x00000000ad2e6000, 0x0000000100000000)
   the space 41240K,  73% used [0x00000000aaaa0000, 0x00000000ac84bdb8, 0x00000000ac84be00, 0x00000000ad2e6000)
 Metaspace       used 42442K, committed 43008K, reserved 1114112K
  class space    used 6196K, committed 6464K, reserved 1048576K
}
Event: 29.119 GC heap after
{Heap after GC invocations=34 (full 3):
 def new generation   total 18688K, used 1252K [0x0000000080000000, 0x0000000081440000, 0x00000000aaaa0000)
  eden space 16640K,   0% used [0x0000000080000000, 0x0000000080000000, 0x0000000081040000)
  from space 2048K,  61% used [0x0000000081240000, 0x0000000081379370, 0x0000000081440000)
  to   space 2048K,   0% used [0x0000000081040000, 0x0000000081040000, 0x0000000081240000)
 tenured generation   total 41240K, used 31035K [0x00000000aaaa0000, 0x00000000ad2e6000, 0x0000000100000000)
   the space 41240K,  75% used [0x00000000aaaa0000, 0x00000000ac8eed80, 0x00000000ac8eee00, 0x00000000ad2e6000)
 Metaspace       used 42442K, committed 43008K, reserved 1114112K
  class space    used 6196K, committed 6464K, reserved 1048576K
}
Event: 30.497 GC heap before
{Heap before GC invocations=34 (full 3):
 def new generation   total 18688K, used 17892K [0x0000000080000000, 0x0000000081440000, 0x00000000aaaa0000)
  eden space 16640K, 100% used [0x0000000080000000, 0x0000000081040000, 0x0000000081040000)
  from space 2048K,  61% used [0x0000000081240000, 0x0000000081379370, 0x0000000081440000)
  to   space 2048K,   0% used [0x0000000081040000, 0x0000000081040000, 0x0000000081240000)
 tenured generation   total 41240K, used 31035K [0x00000000aaaa0000, 0x00000000ad2e6000, 0x0000000100000000)
   the space 41240K,  75% used [0x00000000aaaa0000, 0x00000000ac8eed80, 0x00000000ac8eee00, 0x00000000ad2e6000)
 Metaspace       used 43979K, committed 44544K, reserved 1114112K
  class space    used 6435K, committed 6720K, reserved 1048576K
}
Event: 30.539 GC heap after
{Heap after GC invocations=35 (full 3):
 def new generation   total 18688K, used 1055K [0x0000000080000000, 0x0000000081440000, 0x00000000aaaa0000)
  eden space 16640K,   0% used [0x0000000080000000, 0x0000000080000000, 0x0000000081040000)
  from space 2048K,  51% used [0x0000000081040000, 0x0000000081147de8, 0x0000000081240000)
  to   space 2048K,   0% used [0x0000000081240000, 0x0000000081240000, 0x0000000081440000)
 tenured generation   total 41240K, used 31593K [0x00000000aaaa0000, 0x00000000ad2e6000, 0x0000000100000000)
   the space 41240K,  76% used [0x00000000aaaa0000, 0x00000000ac97a468, 0x00000000ac97a600, 0x00000000ad2e6000)
 Metaspace       used 43979K, committed 44544K, reserved 1114112K
  class space    used 6435K, committed 6720K, reserved 1048576K
}
Event: 32.220 GC heap before
{Heap before GC invocations=35 (full 3):
 def new generation   total 18688K, used 17695K [0x0000000080000000, 0x0000000081440000, 0x00000000aaaa0000)
  eden space 16640K, 100% used [0x0000000080000000, 0x0000000081040000, 0x0000000081040000)
  from space 2048K,  51% used [0x0000000081040000, 0x0000000081147de8, 0x0000000081240000)
  to   space 2048K,   0% used [0x0000000081240000, 0x0000000081240000, 0x0000000081440000)
 tenured generation   total 41240K, used 31593K [0x00000000aaaa0000, 0x00000000ad2e6000, 0x0000000100000000)
   the space 41240K,  76% used [0x00000000aaaa0000, 0x00000000ac97a468, 0x00000000ac97a600, 0x00000000ad2e6000)
 Metaspace       used 45606K, committed 46144K, reserved 1114112K
  class space    used 6681K, committed 6912K, reserved 1048576K
}
Event: 32.259 GC heap after
{Heap after GC invocations=36 (full 3):
 def new generation   total 18688K, used 1409K [0x0000000080000000, 0x0000000081440000, 0x00000000aaaa0000)
  eden space 16640K,   0% used [0x0000000080000000, 0x0000000080000000, 0x0000000081040000)
  from space 2048K,  68% used [0x0000000081240000, 0x00000000813a0688, 0x0000000081440000)
  to   space 2048K,   0% used [0x0000000081040000, 0x0000000081040000, 0x0000000081240000)
 tenured generation   total 41240K, used 32262K [0x00000000aaaa0000, 0x00000000ad2e6000, 0x0000000100000000)
   the space 41240K,  78% used [0x00000000aaaa0000, 0x00000000aca21a40, 0x00000000aca21c00, 0x00000000ad2e6000)
 Metaspace       used 45606K, committed 46144K, reserved 1114112K
  class space    used 6681K, committed 6912K, reserved 1048576K
}
Event: 34.397 GC heap before
{Heap before GC invocations=36 (full 3):
 def new generation   total 18688K, used 18049K [0x0000000080000000, 0x0000000081440000, 0x00000000aaaa0000)
  eden space 16640K, 100% used [0x0000000080000000, 0x0000000081040000, 0x0000000081040000)
  from space 2048K,  68% used [0x0000000081240000, 0x00000000813a0688, 0x0000000081440000)
  to   space 2048K,   0% used [0x0000000081040000, 0x0000000081040000, 0x0000000081240000)
 tenured generation   total 41240K, used 32262K [0x00000000aaaa0000, 0x00000000ad2e6000, 0x0000000100000000)
   the space 41240K,  78% used [0x00000000aaaa0000, 0x00000000aca21a40, 0x00000000aca21c00, 0x00000000ad2e6000)
 Metaspace       used 49602K, committed 50176K, reserved 1114112K
  class space    used 7149K, committed 7424K, reserved 1048576K
}
Event: 34.479 GC heap after
{Heap after GC invocations=37 (full 3):
 def new generation   total 18688K, used 2047K [0x0000000080000000, 0x0000000081440000, 0x00000000aaaa0000)
  eden space 16640K,   0% used [0x0000000080000000, 0x0000000080000000, 0x0000000081040000)
  from space 2048K,  99% used [0x0000000081040000, 0x000000008123fff8, 0x0000000081240000)
  to   space 2048K,   0% used [0x0000000081240000, 0x0000000081240000, 0x0000000081440000)
 tenured generation   total 41240K, used 34471K [0x00000000aaaa0000, 0x00000000ad2e6000, 0x0000000100000000)
   the space 41240K,  83% used [0x00000000aaaa0000, 0x00000000acc49d40, 0x00000000acc49e00, 0x00000000ad2e6000)
 Metaspace       used 49602K, committed 50176K, reserved 1114112K
  class space    used 7149K, committed 7424K, reserved 1048576K
}
Event: 35.279 GC heap before
{Heap before GC invocations=37 (full 3):
 def new generation   total 18688K, used 7208K [0x0000000080000000, 0x0000000081440000, 0x00000000aaaa0000)
  eden space 16640K,  31% used [0x0000000080000000, 0x000000008050a078, 0x0000000081040000)
  from space 2048K,  99% used [0x0000000081040000, 0x000000008123fff8, 0x0000000081240000)
  to   space 2048K,   0% used [0x0000000081240000, 0x0000000081240000, 0x0000000081440000)
 tenured generation   total 41240K, used 34471K [0x00000000aaaa0000, 0x00000000ad2e6000, 0x0000000100000000)
   the space 41240K,  83% used [0x00000000aaaa0000, 0x00000000acc49d40, 0x00000000acc49e00, 0x00000000ad2e6000)
 Metaspace       used 50942K, committed 51456K, reserved 1114112K
  class space    used 7349K, committed 7616K, reserved 1048576K
}

