# JRE version: OpenJDK Runtime Environment (17.0.16+8) (build 17.0.16+8-Debian-1deb12u1)
# Java VM: OpenJDK 64-Bit Server VM (17.0.16+8-Debian-1deb12u1, mixed mode, sharing, tiered, compressed oops, compressed class ptrs, serial gc, linux-amd64)
GC Precious Log:
 CPUs: 2 total, 2 available
 Memory: 1024M
 Large Page Support: Disabled
 NUMA Support: Disabled
 Compressed Oops: Enabled (32-bit)
 Heap Min Capacity: 8M
 Heap Initial Capacity: 16M
 Heap Max Capacity: 2G
 Pre-touch: Disabled
Heap:
 def new generation   total 24832K, used 7256K [0x0000000080000000, 0x0000000081af0000, 0x00000000aaaa0000)
  eden space 22080K,  20% used [0x0000000080000000, 0x0000000080466298, 0x0000000081590000)
  from space 2752K, 100% used [0x0000000081840000, 0x0000000081af0000, 0x0000000081af0000)
  to   space 2752K,   0% used [0x0000000081590000, 0x0000000081590000, 0x0000000081840000)
 tenured generation   total 54860K, used 35885K [0x00000000aaaa0000, 0x00000000ae033000, 0x0000000100000000)
   the space 54860K,  65% used [0x00000000aaaa0000, 0x00000000acdab5c8, 0x00000000acdab600, 0x00000000ae033000)
 Metaspace       used 61896K, committed 62528K, reserved 1114112K
  class space    used 9130K, committed 9408K, reserved 1048576K
GC Heap History (20 events):
Event: 26.818 GC heap before
{Heap before GC invocations=31 (full 3):
 def new generation   total 18816K, used 18115K [0x0000000080000000, 0x0000000081460000, 0x00000000aaaa0000)
  eden space 16768K, 100% used [0x0000000080000000, 0x0000000081060000, 0x0000000081060000)
  from space 2048K,  65% used [0x0000000081060000, 0x00000000811b0f40, 0x0000000081260000)
  to   space 2048K,   0% used [0x0000000081260000, 0x0000000081260000, 0x0000000081460000)
 tenured generation   total 41384K, used 29185K [0x00000000aaaa0000, 0x00000000ad30a000, 0x0000000100000000)
   the space 41384K,  70% used [0x00000000aaaa0000, 0x00000000ac720780, 0x00000000ac720800, 0x00000000ad30a000)
 Metaspace       used 39673K, committed 40192K, reserved 1114112K
  class space    used 5691K, committed 5952K, reserved 1048576K
}
Event: 26.855 GC heap after
{Heap after GC invocations=32 (full 3):
 def new generation   total 18816K, used 677K [0x0000000080000000, 0x0000000081460000, 0x00000000aaaa0000)
  eden space 16768K,   0% used [0x0000000080000000, 0x0000000080000000, 0x0000000081060000)
  from space 2048K,  33% used [0x0000000081260000, 0x00000000813097b0, 0x0000000081460000)
  to   space 2048K,   0% used [0x0000000081060000, 0x0000000081060000, 0x0000000081260000)
 tenured generation   total 41384K, used 30485K [0x00000000aaaa0000, 0x00000000ad30a000, 0x0000000100000000)
   the space 41384K,  73% used [0x00000000aaaa0000, 0x00000000ac865750, 0x00000000ac865800, 0x00000000ad30a000)
 Metaspace       used 39673K, committed 40192K, reserved 1114112K
  class space    used 5691K, committed 5952K, reserved 1048576K
}
Event: 28.520 GC heap before
{Heap before GC invocations=32 (full 3):
 def new generation   total 18816K, used 17445K [0x0000000080000000, 0x0000000081460000, 0x00000000aaaa0000)
  eden space 16768K, 100% used [0x0000000080000000, 0x0000000081060000, 0x0000000081060000)
  from space 2048K,  33% used [0x0000000081260000, 0x00000000813097b0, 0x0000000081460000)
  to   space 2048K,   0% used [0x0000000081060000, 0x0000000081060000, 0x0000000081260000)
 tenured generation   total 41384K, used 30485K [0x00000000aaaa0000, 0x00000000ad30a000, 0x0000000100000000)
   the space 41384K,  73% used [0x00000000aaaa0000, 0x00000000ac865750, 0x00000000ac865800, 0x00000000ad30a000)
 Metaspace       used 41303K, committed 41792K, reserved 1114112K
  class space    used 5991K, committed 6208K, reserved 1048576K
}
Event: 28.558 GC heap after
{Heap after GC invocations=33 (full 3):
 def new generation   total 18816K, used 1248K [0x0000000080000000, 0x0000000081460000, 0x00000000aaaa0000)
  eden space 16768K,   0% used [0x0000000080000000, 0x0000000080000000, 0x0000000081060000)
  from space 2048K,  60% used [0x0000000081060000, 0x00000000811981f0, 0x0000000081260000)
  to   space 2048K,   0% used [0x0000000081260000, 0x0000000081260000, 0x0000000081460000)
 tenured generation   total 41384K, used 30485K [0x00000000aaaa0000, 0x00000000ad30a000, 0x0000000100000000)
   the space 41384K,  73% used [0x00000000aaaa0000, 0x00000000ac865750, 0x00000000ac865800, 0x00000000ad30a000)
 Metaspace       used 41303K, committed 41792K, reserved 1114112K
  class space    used 5991K, committed 6208K, reserved 1048576K
}
Event: 29.858 GC heap before
{Heap before GC invocations=33 (full 3):
 def new generation   total 18816K, used 18016K [0x0000000080000000, 0x0000000081460000, 0x00000000aaaa0000)
  eden space 16768K, 100% used [0x0000000080000000, 0x0000000081060000, 0x0000000081060000)
  from space 2048K,  60% used [0x0000000081060000, 0x00000000811981f0, 0x0000000081260000)
  to   space 2048K,   0% used [0x0000000081260000, 0x0000000081260000, 0x0000000081460000)
 tenured generation   total 41384K, used 30485K [0x00000000aaaa0000, 0x00000000ad30a000, 0x0000000100000000)
   the space 41384K,  73% used [0x00000000aaaa0000, 0x00000000ac865750, 0x00000000ac865800, 0x00000000ad30a000)
 Metaspace       used 43355K, committed 43840K, reserved 1114112K
  class space    used 6256K, committed 6464K, reserved 1048576K
}
Event: 29.899 GC heap after
{Heap after GC invocations=34 (full 3):
 def new generation   total 18816K, used 1220K [0x0000000080000000, 0x0000000081460000, 0x00000000aaaa0000)
  eden space 16768K,   0% used [0x0000000080000000, 0x0000000080000000, 0x0000000081060000)
  from space 2048K,  59% used [0x0000000081260000, 0x0000000081391218, 0x0000000081460000)
  to   space 2048K,   0% used [0x0000000081060000, 0x0000000081060000, 0x0000000081260000)
 tenured generation   total 41384K, used 31142K [0x00000000aaaa0000, 0x00000000ad30a000, 0x0000000100000000)
   the space 41384K,  75% used [0x00000000aaaa0000, 0x00000000ac909818, 0x00000000ac909a00, 0x00000000ad30a000)
 Metaspace       used 43355K, committed 43840K, reserved 1114112K
  class space    used 6256K, committed 6464K, reserved 1048576K
}
Event: 31.156 GC heap before
{Heap before GC invocations=34 (full 3):
 def new generation   total 18816K, used 17988K [0x0000000080000000, 0x0000000081460000, 0x00000000aaaa0000)
  eden space 16768K, 100% used [0x0000000080000000, 0x0000000081060000, 0x0000000081060000)
  from space 2048K,  59% used [0x0000000081260000, 0x0000000081391218, 0x0000000081460000)
  to   space 2048K,   0% used [0x0000000081060000, 0x0000000081060000, 0x0000000081260000)
 tenured generation   total 41384K, used 31142K [0x00000000aaaa0000, 0x00000000ad30a000, 0x0000000100000000)
   the space 41384K,  75% used [0x00000000aaaa0000, 0x00000000ac909818, 0x00000000ac909a00, 0x00000000ad30a000)
 Metaspace       used 45417K, committed 45888K, reserved 1114112K
  class space    used 6511K, committed 6720K, reserved 1048576K
}
Event: 31.163 GC heap after
{Heap after GC invocations=35 (full 3):
 def new generation   total 18816K, used 1221K [0x0000000080000000, 0x0000000081460000, 0x00000000aaaa0000)
  eden space 16768K,   0% used [0x0000000080000000, 0x0000000080000000, 0x0000000081060000)
  from space 2048K,  59% used [0x0000000081060000, 0x0000000081191788, 0x0000000081260000)
  to   space 2048K,   0% used [0x0000000081260000, 0x0000000081260000, 0x0000000081460000)
 tenured generation   total 41384K, used 31702K [0x00000000aaaa0000, 0x00000000ad30a000, 0x0000000100000000)
   the space 41384K,  76% used [0x00000000aaaa0000, 0x00000000ac995b68, 0x00000000ac995c00, 0x00000000ad30a000)
 Metaspace       used 45417K, committed 45888K, reserved 1114112K
  class space    used 6511K, committed 6720K, reserved 1048576K
}
Event: 31.895 GC heap before
{Heap before GC invocations=35 (full 3):
 def new generation   total 18816K, used 17989K [0x0000000080000000, 0x0000000081460000, 0x00000000aaaa0000)
  eden space 16768K, 100% used [0x0000000080000000, 0x0000000081060000, 0x0000000081060000)
  from space 2048K,  59% used [0x0000000081060000, 0x0000000081191788, 0x0000000081260000)
  to   space 2048K,   0% used [0x0000000081260000, 0x0000000081260000, 0x0000000081460000)
 tenured generation   total 41384K, used 31702K [0x00000000aaaa0000, 0x00000000ad30a000, 0x0000000100000000)
   the space 41384K,  76% used [0x00000000aaaa0000, 0x00000000ac995b68, 0x00000000ac995c00, 0x00000000ad30a000)
 Metaspace       used 48262K, committed 48832K, reserved 1114112K
  class space    used 7316K, committed 7552K, reserved 1048576K
}
Event: 31.903 GC heap after
{Heap after GC invocations=36 (full 3):
 def new generation   total 18816K, used 965K [0x0000000080000000, 0x0000000081460000, 0x00000000aaaa0000)
  eden space 16768K,   0% used [0x0000000080000000, 0x0000000080000000, 0x0000000081060000)
  from space 2048K,  47% used [0x0000000081260000, 0x00000000813516b8, 0x0000000081460000)
  to   space 2048K,   0% used [0x0000000081060000, 0x0000000081060000, 0x0000000081260000)
 tenured generation   total 41384K, used 32343K [0x00000000aaaa0000, 0x00000000ad30a000, 0x0000000100000000)
   the space 41384K,  78% used [0x00000000aaaa0000, 0x00000000aca35ff0, 0x00000000aca36000, 0x00000000ad30a000)
 Metaspace       used 48262K, committed 48832K, reserved 1114112K
  class space    used 7316K, committed 7552K, reserved 1048576K
}
Event: 33.555 GC heap before
{Heap before GC invocations=36 (full 3):
 def new generation   total 18816K, used 17733K [0x0000000080000000, 0x0000000081460000, 0x00000000aaaa0000)
  eden space 16768K, 100% used [0x0000000080000000, 0x0000000081060000, 0x0000000081060000)
  from space 2048K,  47% used [0x0000000081260000, 0x00000000813516b8, 0x0000000081460000)
  to   space 2048K,   0% used [0x0000000081060000, 0x0000000081060000, 0x0000000081260000)
 tenured generation   total 41384K, used 32343K [0x00000000aaaa0000, 0x00000000ad30a000, 0x0000000100000000)
   the space 41384K,  78% used [0x00000000aaaa0000, 0x00000000aca35ff0, 0x00000000aca36000, 0x00000000ad30a000)
 Metaspace       used 49822K, committed 50368K, reserved 1114112K
  class space    used 7581K, committed 7808K, reserved 1048576K
}
Event: 33.576 GC heap after
{Heap after GC invocations=37 (full 3):
 def new generation   total 18816K, used 1545K [0x0000000080000000, 0x0000000081460000, 0x00000000aaaa0000)
  eden space 16768K,   0% used [0x0000000080000000, 0x0000000080000000, 0x0000000081060000)
  from space 2048K,  75% used [0x0000000081060000, 0x00000000811e27b0, 0x0000000081260000)
  to   space 2048K,   0% used [0x0000000081260000, 0x0000000081260000, 0x0000000081460000)
 tenured generation   total 41384K, used 32343K [0x00000000aaaa0000, 0x00000000ad30a000, 0x0000000100000000)
   the space 41384K,  78% used [0x00000000aaaa0000, 0x00000000aca35ff0, 0x00000000aca36000, 0x00000000ad30a000)
 Metaspace       used 49822K, committed 50368K, reserved 1114112K
  class space    used 7581K, committed 7808K, reserved 1048576K
}
Event: 34.458 GC heap before
{Heap before GC invocations=37 (full 3):
 def new generation   total 18816K, used 13556K [0x0000000080000000, 0x0000000081460000, 0x00000000aaaa0000)
  eden space 16768K,  71% used [0x0000000080000000, 0x0000000080bba850, 0x0000000081060000)
  from space 2048K,  75% used [0x0000000081060000, 0x00000000811e27b0, 0x0000000081260000)
  to   space 2048K,   0% used [0x0000000081260000, 0x0000000081260000, 0x0000000081460000)
 tenured generation   total 41384K, used 32343K [0x00000000aaaa0000, 0x00000000ad30a000, 0x0000000100000000)
   the space 41384K,  78% used [0x00000000aaaa0000, 0x00000000aca35ff0, 0x00000000aca36000, 0x00000000ad30a000)
 Metaspace       used 50881K, committed 51456K, reserved 1114112K
  class space    used 7763K, committed 8064K, reserved 1048576K
}
Event: 34.660 GC heap after
{Heap after GC invocations=38 (full 4):
 def new generation   total 24832K, used 0K [0x0000000080000000, 0x0000000081af0000, 0x00000000aaaa0000)
  eden space 22080K,   0% used [0x0000000080000000, 0x0000000080000000, 0x0000000081590000)
  from space 2752K,   0% used [0x0000000081590000, 0x0000000081590000, 0x0000000081840000)
  to   space 2752K,   0% used [0x0000000081840000, 0x0000000081840000, 0x0000000081af0000)
 tenured generation   total 54860K, used 32915K [0x00000000aaaa0000, 0x00000000ae033000, 0x0000000100000000)
   the space 54860K,  59% used [0x00000000aaaa0000, 0x00000000acac4c20, 0x00000000acac4e00, 0x00000000ae033000)
 Metaspace       used 50881K, committed 51456K, reserved 1114112K
  class space    used 7763K, committed 8064K, reserved 1048576K
}
Event: 36.742 GC heap before
{Heap before GC invocations=38 (full 4):
 def new generation   total 24832K, used 22080K [0x0000000080000000, 0x0000000081af0000, 0x00000000aaaa0000)
  eden space 22080K, 100% used [0x0000000080000000, 0x0000000081590000, 0x0000000081590000)
  from space 2752K,   0% used [0x0000000081590000, 0x0000000081590000, 0x0000000081840000)
  to   space 2752K,   0% used [0x0000000081840000, 0x0000000081840000, 0x0000000081af0000)
 tenured generation   total 54860K, used 32915K [0x00000000aaaa0000, 0x00000000ae033000, 0x0000000100000000)
   the space 54860K,  59% used [0x00000000aaaa0000, 0x00000000acac4c20, 0x00000000acac4e00, 0x00000000ae033000)
 Metaspace       used 55042K, committed 55616K, reserved 1114112K
  class space    used 8266K, committed 8512K, reserved 1048576K
}
Event: 36.897 GC heap after
{Heap after GC invocations=39 (full 4):
 def new generation   total 24832K, used 2752K [0x0000000080000000, 0x0000000081af0000, 0x00000000aaaa0000)
  eden space 22080K,   0% used [0x0000000080000000, 0x0000000080000000, 0x0000000081590000)
  from space 2752K, 100% used [0x0000000081840000, 0x0000000081af0000, 0x0000000081af0000)
  to   space 2752K,   0% used [0x0000000081590000, 0x0000000081590000, 0x0000000081840000)
 tenured generation   total 54860K, used 33022K [0x00000000aaaa0000, 0x00000000ae033000, 0x0000000100000000)
   the space 54860K,  60% used [0x00000000aaaa0000, 0x00000000acadfae0, 0x00000000acadfc00, 0x00000000ae033000)
 Metaspace       used 55042K, committed 55616K, reserved 1114112K
  class space    used 8266K, committed 8512K, reserved 1048576K
}
Event: 46.056 GC heap before
{Heap before GC invocations=39 (full 4):
 def new generation   total 24832K, used 24832K [0x0000000080000000, 0x0000000081af0000, 0x00000000aaaa0000)
  eden space 22080K, 100% used [0x0000000080000000, 0x0000000081590000, 0x0000000081590000)
  from space 2752K, 100% used [0x0000000081840000, 0x0000000081af0000, 0x0000000081af0000)
  to   space 2752K,   0% used [0x0000000081590000, 0x0000000081590000, 0x0000000081840000)
 tenured generation   total 54860K, used 33022K [0x00000000aaaa0000, 0x00000000ae033000, 0x0000000100000000)
   the space 54860K,  60% used [0x00000000aaaa0000, 0x00000000acadfae0, 0x00000000acadfc00, 0x00000000ae033000)
 Metaspace       used 60457K, committed 61120K, reserved 1114112K
  class space    used 8961K, committed 9280K, reserved 1048576K
}
Event: 46.177 GC heap after
{Heap after GC invocations=40 (full 4):
 def new generation   total 24832K, used 1094K [0x0000000080000000, 0x0000000081af0000, 0x00000000aaaa0000)
  eden space 22080K,   0% used [0x0000000080000000, 0x0000000080000000, 0x0000000081590000)
  from space 2752K,  39% used [0x0000000081590000, 0x00000000816a1950, 0x0000000081840000)
  to   space 2752K,   0% used [0x0000000081840000, 0x0000000081840000, 0x0000000081af0000)
 tenured generation   total 54860K, used 35759K [0x00000000aaaa0000, 0x00000000ae033000, 0x0000000100000000)
   the space 54860K,  65% used [0x00000000aaaa0000, 0x00000000acd8bc28, 0x00000000acd8be00, 0x00000000ae033000)
 Metaspace       used 60457K, committed 61120K, reserved 1114112K
  class space    used 8961K, committed 9280K, reserved 1048576K
}
Event: 96.157 GC heap before
{Heap before GC invocations=40 (full 4):
 def new generation   total 24832K, used 23174K [0x0000000080000000, 0x0000000081af0000, 0x00000000aaaa0000)
  eden space 22080K, 100% used [0x0000000080000000, 0x0000000081590000, 0x0000000081590000)
  from space 2752K,  39% used [0x0000000081590000, 0x00000000816a1950, 0x0000000081840000)
  to   space 2752K,   0% used [0x0000000081840000, 0x0000000081840000, 0x0000000081af0000)
 tenured generation   total 54860K, used 35759K [0x00000000aaaa0000, 0x00000000ae033000, 0x0000000100000000)
   the space 54860K,  65% used [0x00000000aaaa0000, 0x00000000acd8bc28, 0x00000000acd8be00, 0x00000000ae033000)
 Metaspace       used 61769K, committed 62336K, reserved 1114112K
  class space    used 9112K, committed 9408K, reserved 1048576K
}
Event: 96.396 GC heap after
{Heap after GC invocations=41 (full 4):
 def new generation   total 24832K, used 2752K [0x0000000080000000, 0x0000000081af0000, 0x00000000aaaa0000)
  eden space 22080K,   0% used [0x0000000080000000, 0x0000000080000000, 0x0000000081590000)
  from space 2752K, 100% used [0x0000000081840000, 0x0000000081af0000, 0x0000000081af0000)
  to   space 2752K,   0% used [0x0000000081590000, 0x0000000081590000, 0x0000000081840000)
 tenured generation   total 54860K, used 35885K [0x00000000aaaa0000, 0x00000000ae033000, 0x0000000100000000)
   the space 54860K,  65% used [0x00000000aaaa0000, 0x00000000acdab5c8, 0x00000000acdab600, 0x00000000ae033000)
 Metaspace       used 61769K, committed 62336K, reserved 1114112K
  class space    used 9112K, committed 9408K, reserved 1048576K
}

